[INFO]: Run Directory: /home/engtech/Desktop/Openlane_v2/memristor/openlane/user_project_wrapper/runs/24_04_19_19_39
[INFO]: Saving runtime environment...
[INFO]: Preparing LEF files for the nom corner...
[INFO]: Preparing LEF files for the min corner...
[INFO]: Preparing LEF files for the max corner...
[INFO]: Running Synthesis (log: ../home/engtech/Desktop/Openlane_v2/memristor/openlane/user_project_wrapper/runs/24_04_19_19_39/logs/synthesis/1-synthesis.log)...
[INFO]: Running Single-Corner Static Timing Analysis (log: ../home/engtech/Desktop/Openlane_v2/memristor/openlane/user_project_wrapper/runs/24_04_19_19_39/logs/synthesis/2-sta.log)...
[INFO]: Creating a netlist with power/ground pins.
[ERROR]: during executing yosys script /openlane/scripts/yosys/elaborate.tcl
[ERROR]: Log: ../dev/null
[ERROR]: Last 10 lines:
[TCL: yosys -import] Command name collision: found pre-existing command `exec' -> skip.
[TCL: yosys -import] Command name collision: found pre-existing command `read' -> skip.
[TCL: yosys -import] Command name collision: found pre-existing command `trace' -> skip.

1. Executing Liberty frontend: /home/engtech/Desktop/Openlane_v2/memristor/openlane/user_project_wrapper/../../lib/user_proj_example.lib
Imported 1 cell types from liberty file.

2. Executing Verilog-2005 frontend: /home/engtech/Desktop/Openlane_v2/memristor/openlane/user_project_wrapper/../../verilog/gl/user_proj_example.v
child killed: interrupt
child killed: interrupt

[ERROR]: Creating issue reproducible...
[INFO]: Saving runtime environment...
[INFO]: Reproducible packaged: Please tarball and upload '../home/engtech/Desktop/Openlane_v2/memristor/openlane/user_project_wrapper/runs/24_04_19_19_39/issue_reproducible' if you're going to submit an issue.
[ERROR]: Step 2 (synthesis) failed with error:
-code 1 -level 0 -errorcode NONE -errorinfo {
    while executing
"throw_error"
    (procedure "run_tcl_script" line 219)
    invoked from within
"run_tcl_script -tool yosys -no_consume {*}$args"
    (procedure "run_yosys_script" line 2)
    invoked from within
"run_yosys_script $::env(SYNTH_SCRIPT) -indexed_log $arg_values(-indexed_log)"
    (procedure "run_yosys" line 44)
    invoked from within
"run_yosys -output $::env(synthesis_tmpfiles)/pg_define.v -no_set_netlist"
    (procedure "run_synthesis" line 48)
    invoked from within
"run_synthesis"} -errorline 1
[INFO]: Saving current set of views in '../home/engtech/Desktop/Openlane_v2/memristor/openlane/user_project_wrapper/runs/24_04_19_19_39/results/final'...
[INFO]: Generating final set of reports...
[INFO]: Created manufacturability report at '../home/engtech/Desktop/Openlane_v2/memristor/openlane/user_project_wrapper/runs/24_04_19_19_39/reports/manufacturability.rpt'.
[INFO]: Created metrics report at '../home/engtech/Desktop/Openlane_v2/memristor/openlane/user_project_wrapper/runs/24_04_19_19_39/reports/metrics.csv'.
[INFO]: Saving runtime environment...
[ERROR]: Flow failed.
