[ERROR]: during executing yosys script /openlane/scripts/yosys/synth.tcl
[ERROR]: Log: ../home/engtech/Desktop/Openlane_v2/memristor/openlane/user_proj_example/runs/24_04_03_23_57/logs/synthesis/1-synthesis.log
[ERROR]: Last 10 lines:
44. Executing CHECK pass (checking for obvious problems).
Checking module user_proj_example...
Found and reported 0 problems.

45. Generating Graphviz representation of design.
Writing dot description to `/home/engtech/Desktop/Openlane_v2/memristor/openlane/user_proj_example/runs/24_04_03_23_57/tmp/synthesis/post_techmap.dot'.
Skipping empty module user_proj_example.
ERROR: Nothing there to show.
ERROR: TCL interpreter returned an error: Yosys command produced an error
child process exited abnormally

[ERROR]: Creating issue reproducible...
[ERROR]: Step 1 (synthesis) failed with error:
-code 1 -level 0 -errorcode NONE -errorinfo {
    while executing
"throw_error"
    (procedure "run_tcl_script" line 219)
    invoked from within
"run_tcl_script -tool yosys -no_consume {*}$args"
    (procedure "run_yosys_script" line 2)
    invoked from within
"run_yosys_script $::env(SYNTH_SCRIPT) -indexed_log $arg_values(-indexed_log)"
    (procedure "run_yosys" line 44)
    invoked from within
"run_yosys -indexed_log $log"
    (procedure "run_synthesis" line 13)
    invoked from within
"run_synthesis"} -errorline 1
[ERROR]: Flow failed.
